[browser] THREE.Clock: This module has been deprecated. Please use THREE.Timer instead. (file://C:/Users/defoy/OneDrive - De Vinci/GitHub/Portfolio website/.next/dev/static/chunks/node_modules_next_dist_1ybzpk2._.js:2477:13)
[browser] THREE.Clock: This module has been deprecated. Please use THREE.Timer instead. (file://C:/Users/defoy/OneDrive - De Vinci/GitHub/Portfolio website/.next/dev/static/chunks/node_modules_next_dist_1ybzpk2._.js:2477:13)
[browser] THREE.Clock: This module has been deprecated. Please use THREE.Timer instead. (file://C:/Users/defoy/OneDrive - De Vinci/GitHub/Portfolio website/.next/dev/static/chunks/node_modules_next_dist_1ybzpk2._.js:2477:13)
[browser] THREE.Clock: This module has been deprecated. Please use THREE.Timer instead. (file://C:/Users/defoy/OneDrive - De Vinci/GitHub/Portfolio website/.next/dev/static/chunks/node_modules_next_dist_1ybzpk2._.js:2477:13)
[browser] Image with src "/projects/projector-positioning-clean.webp" has "fill" prop and "sizes" prop of "100vw", but image is not rendered at full viewport width. Please adjust "sizes" to improve page performance. Read more: https://nextjs.org/docs/api-reference/next/image#sizes (file://C:/Users/defoy/OneDrive - De Vinci/GitHub/Portfolio website/.next/dev/static/chunks/node_modules_next_dist_1ybzpk2._.js:2477:13)
[browser] THREE.Clock: This module has been deprecated. Please use THREE.Timer instead. (file://C:/Users/defoy/OneDrive - De Vinci/GitHub/Portfolio website/.next/dev/static/chunks/node_modules_next_dist_1ybzpk2._.js:2477:13)
[browser] Image with src "/projects/projector-positioning-clean.webp" has "fill" prop and "sizes" prop of "100vw", but image is not rendered at full viewport width. Please adjust "sizes" to improve page performance. Read more: https://nextjs.org/docs/api-reference/next/image#sizes (file://C:/Users/defoy/OneDrive - De Vinci/GitHub/Portfolio website/.next/dev/static/chunks/node_modules_next_dist_1ybzpk2._.js:2477:13)
[browser] THREE.Clock: This module has been deprecated. Please use THREE.Timer instead. (file://C:/Users/defoy/OneDrive - De Vinci/GitHub/Portfolio website/.next/dev/static/chunks/node_modules_next_dist_1ybzpk2._.js:2477:13)
[browser] THREE.Clock: This module has been deprecated. Please use THREE.Timer instead. (file://C:/Users/defoy/OneDrive - De Vinci/GitHub/Portfolio website/.next/dev/static/chunks/node_modules_next_dist_1ybzpk2._.js:2477:13)
⚠ Fast Refresh had to perform a full reload due to a runtime error.
[browser] Uncaught ReferenceError: Cannot access 'animationFrame' before initialization
    at JourneyGlobe.useEffect.requestRender (file://C:/Users/defoy/OneDrive - De Vinci/GitHub/Portfolio website/.next/dev/static/chunks/src_080xfpq._.js:429:21)
    at JourneyGlobe.useEffect (file://C:/Users/defoy/OneDrive - De Vinci/GitHub/Portfolio website/.next/dev/static/chunks/src_080xfpq._.js:458:13)
    at Object.react_stack_bottom_frame (file://C:/Users/defoy/OneDrive - De Vinci/GitHub/Portfolio website/.next/dev/static/chunks/node_modules_next_dist_compiled_react-dom_096_9a-._.js:15087:22)
    at runWithFiberInDEV (file://C:/Users/defoy/OneDrive - De Vinci/GitHub/Portfolio website/.next/dev/static/chunks/node_modules_next_dist_compiled_react-dom_096_9a-._.js:965:74)
    at commitHookEffectListMount (file://C:/Users/defoy/OneDrive - De Vinci/GitHub/Portfolio website/.next/dev/static/chunks/node_modules_next_dist_compiled_react-dom_096_9a-._.js:7255:167)
    at commitHookPassiveMountEffects (file://C:/Users/defoy/OneDrive - De Vinci/GitHub/Portfolio website/.next/dev/static/chunks/node_modules_next_dist_compiled_react-dom_096_9a-._.js:7290:60)
    at commitPassiveMountOnFiber (file://C:/Users/defoy/OneDrive - De Vinci/GitHub/Portfolio website/.next/dev/static/chunks/node_modules_next_dist_compiled_react-dom_096_9a-._.js:8689:33)
    at recursivelyTraversePassiveMountEffects (file://C:/Users/defoy/OneDrive - De Vinci/GitHub/Portfolio website/.next/dev/static/chunks/node_modules_next_dist_compiled_react-dom_096_9a-._.js:8676:316)
    at commitPassiveMountOnFiber (file://C:/Users/defoy/OneDrive - De Vinci/GitHub/Portfolio website/.next/dev/static/chunks/node_modules_next_dist_compiled_react-dom_096_9a-._.js:8750:17)
    at recursivelyTraversePassiveMountEffects (file://C:/Users/defoy/OneDrive - De Vinci/GitHub/Portfolio website/.next/dev/static/chunks/node_modules_next_dist_compiled_react-dom_096_9a-._.js:8676:316)
    at commitPassiveMountOnFiber (file://C:/Users/defoy/OneDrive - De Vinci/GitHub/Portfolio website/.next/dev/static/chunks/node_modules_next_dist_compiled_react-dom_096_9a-._.js:8688:17)
    at recursivelyTraversePassiveMountEffects (file://C:/Users/defoy/OneDrive - De Vinci/GitHub/Portfolio website/.next/dev/static/chunks/node_modules_next_dist_compiled_react-dom_096_9a-._.js:8676:316)
    at commitPassiveMountOnFiber (file://C:/Users/defoy/OneDrive - De Vinci/GitHub/Portfolio website/.next/dev/static/chunks/node_modules_next_dist_compiled_react-dom_096_9a-._.js:8688:17)
    at recursivelyTraversePassiveMountEffects (file://C:/Users/defoy/OneDrive - De Vinci/GitHub/Portfolio website/.next/dev/static/chunks/node_modules_next_dist_compiled_react-dom_096_9a-._.js:8676:316)
    at commitPassiveMountOnFiber (file://C:/Users/defoy/OneDrive - De Vinci/GitHub/Portfolio website/.next/dev/static/chunks/node_modules_next_dist_compiled_react-dom_096_9a-._.js:8688:17)
    at recursivelyTraversePassiveMountEffects (file://C:/Users/defoy/OneDrive - De Vinci/GitHub/Portfolio website/.next/dev/static/chunks/node_modules_next_dist_compiled_react-dom_096_9a-._.js:8676:316)
    at commitPassiveMountOnFiber (file://C:/Users/defoy/OneDrive - De Vinci/GitHub/Portfolio website/.next/dev/static/chunks/node_modules_next_dist_compiled_react-dom_096_9a-._.js:8750:17)
    at recursivelyTraversePassiveMountEffects (file://C:/Users/defoy/OneDrive - De Vinci/GitHub/Portfolio website/.next/dev/static/chunks/node_modules_next_dist_compiled_react-dom_096_9a-._.js:8676:316)
    at commitPassiveMountOnFiber (file://C:/Users/defoy/OneDrive - De Vinci/GitHub/Portfolio website/.next/dev/static/chunks/node_modules_next_dist_compiled_react-dom_096_9a-._.js:8750:17)
    at recursivelyTraversePassiveMountEffects (file://C:/Users/defoy/OneDrive - De Vinci/GitHub/Portfolio website/.next/dev/static/chunks/node_modules_next_dist_compiled_react-dom_096_9a-._.js:8676:316)
    at commitPassiveMountOnFiber (file://C:/Users/defoy/OneDrive - De Vinci/GitHub/Portfolio website/.next/dev/static/chunks/node_modules_next_dist_compiled_react-dom_096_9a-._.js:8688:17)
    at recursivelyTraversePassiveMountEffects (file://C:/Users/defoy/OneDrive - De Vinci/GitHub/Portfolio website/.next/dev/static/chunks/node_modules_next_dist_compiled_react-dom_096_9a-._.js:8676:316)
    at commitPassiveMountOnFiber (file://C:/Users/defoy/OneDrive - De Vinci/GitHub/Portfolio website/.next/dev/static/chunks/node_modules_next_dist_compiled_react-dom_096_9a-._.js:8693:17)
    at recursivelyTraversePassiveMountEffects (file://C:/Users/defoy/OneDrive - De Vinci/GitHub/Portfolio website/.next/dev/static/chunks/node_modules_next_dist_compiled_react-dom_096_9a-._.js:8676:316)
    at commitPassiveMountOnFiber (file://C:/Users/defoy/OneDrive - De Vinci/GitHub/Portfolio website/.next/dev/static/chunks/node_modules_next_dist_compiled_react-dom_096_9a-._.js:8688:17)
    at recursivelyTraversePassiveMountEffects (file://C:/Users/defoy/OneDrive - De Vinci/GitHub/Portfolio website/.next/dev/static/chunks/node_modules_next_dist_compiled_react-dom_096_9a-._.js:8676:316)
    at commitPassiveMountOnFiber (file://C:/Users/defoy/OneDrive - De Vinci/GitHub/Portfolio website/.next/dev/static/chunks/node_modules_next_dist_compiled_react-dom_096_9a-._.js:8693:17)
    at recursivelyTraversePassiveMountEffects (file://C:/Users/defoy/OneDrive - De Vinci/GitHub/Portfolio website/.next/dev/static/chunks/node_modules_next_dist_compiled_react-dom_096_9a-._.js:8676:316)
    at commitPassiveMountOnFiber (file://C:/Users/defoy/OneDrive - De Vinci/GitHub/Portfolio website/.next/dev/static/chunks/node_modules_next_dist_compiled_react-dom_096_9a-._.js:8688:17)
    at recursivelyTraversePassiveMountEffects (file://C:/Users/defoy/OneDrive - De Vinci/GitHub/Portfolio website/.next/dev/static/chunks/node_modules_next_dist_compiled_react-dom_096_9a-._.js:8676:316)
    at commitPassiveMountOnFiber (file://C:/Users/defoy/OneDrive - De Vinci/GitHub/Portfolio website/.next/dev/static/chunks/node_modules_next_dist_compiled_react-dom_096_9a-._.js:8688:17)
    at recursivelyTraversePassiveMountEffects (file://C:/Users/defoy/OneDrive - De Vinci/GitHub/Portfolio website/.next/dev/static/chunks/node_modules_next_dist_compiled_react-dom_096_9a-._.js:8676:316)
    at commitPassiveMountOnFiber (file://C:/Users/defoy/OneDrive - De Vinci/GitHub/Portfolio website/.next/dev/static/chunks/node_modules_next_dist_compiled_react-dom_096_9a-._.js:8688:17)
    at recursivelyTraversePassiveMountEffects (file://C:/Users/defoy/OneDrive - De Vinci/GitHub/Portfolio website/.next/dev/static/chunks/node_modules_next_dist_compiled_react-dom_096_9a-._.js:8676:316)
    at commitPassiveMountOnFiber (file://C:/Users/defoy/OneDrive - De Vinci/GitHub/Portfolio website/.next/dev/static/chunks/node_modules_next_dist_compiled_react-dom_096_9a-._.js:8693:17)
    at recursivelyTraversePassiveMountEffects (file://C:/Users/defoy/OneDrive - De Vinci/GitHub/Portfolio website/.next/dev/static/chunks/node_modules_next_dist_compiled_react-dom_096_9a-._.js:8676:316)
    at commitPassiveMountOnFiber (file://C:/Users/defoy/OneDrive - De Vinci/GitHub/Portfolio website/.next/dev/static/chunks/node_modules_next_dist_compiled_react-dom_096_9a-._.js:8688:17)
    at recursivelyTraversePassiveMountEffects (file://C:/Users/defoy/OneDrive - De Vinci/GitHub/Portfolio website/.next/dev/static/chunks/node_modules_next_dist_compiled_react-dom_096_9a-._.js:8676:316)
    at commitPassiveMountOnFiber (file://C:/Users/defoy/OneDrive - De Vinci/GitHub/Portfolio website/.next/dev/static/chunks/node_modules_next_dist_compiled_react-dom_096_9a-._.js:8688:17)
    at recursivelyTraversePassiveMountEffects (file://C:/Users/defoy/OneDrive - De Vinci/GitHub/Portfolio website/.next/dev/static/chunks/node_modules_next_dist_compiled_react-dom_096_9a-._.js:8676:316)
    at commitPassiveMountOnFiber (file://C:/Users/defoy/OneDrive - De Vinci/GitHub/Portfolio website/.next/dev/static/chunks/node_modules_next_dist_compiled_react-dom_096_9a-._.js:8750:17)
    at recursivelyTraversePassiveMountEffects (file://C:/Users/defoy/OneDrive - De Vinci/GitHub/Portfolio website/.next/dev/static/chunks/node_modules_next_dist_compiled_react-dom_096_9a-._.js:8676:316)
    at commitPassiveMountOnFiber (file://C:/Users/defoy/OneDrive - De Vinci/GitHub/Portfolio website/.next/dev/static/chunks/node_modules_next_dist_compiled_react-dom_096_9a-._.js:8750:17)
    at recursivelyTraversePassiveMountEffects (file://C:/Users/defoy/OneDrive - De Vinci/GitHub/Portfolio website/.next/dev/static/chunks/node_modules_next_dist_compiled_react-dom_096_9a-._.js:8676:316)
    at commitPassiveMountOnFiber (file://C:/Users/defoy/OneDrive - De Vinci/GitHub/Portfolio website/.next/dev/static/chunks/node_modules_next_dist_compiled_react-dom_096_9a-._.js:8688:17)
    at recursivelyTraversePassiveMountEffects (file://C:/Users/defoy/OneDrive - De Vinci/GitHub/Portfolio website/.next/dev/static/chunks/node_modules_next_dist_compiled_react-dom_096_9a-._.js:8676:316)
    at commitPassiveMountOnFiber (file://C:/Users/defoy/OneDrive - De Vinci/GitHub/Portfolio website/.next/dev/static/chunks/node_modules_next_dist_compiled_react-dom_096_9a-._.js:8688:17)
    at recursivelyTraversePassiveMountEffects (file://C:/Users/defoy/OneDrive - De Vinci/GitHub/Portfolio website/.next/dev/static/chunks/node_modules_next_dist_compiled_react-dom_096_9a-._.js:8676:316)
    at commitPassiveMountOnFiber (file://C:/Users/defoy/OneDrive - De Vinci/GitHub/Portfolio website/.next/dev/static/chunks/node_modules_next_dist_compiled_react-dom_096_9a-._.js:8750:17)
    at recursivelyTraversePassiveMountEffects (file://C:/Users/defoy/OneDrive - De Vinci/GitHub/Portfolio website/.next/dev/static/chunks/node_modules_next_dist_compiled_react-dom_096_9a-._.js:8676:316)
    at Home (file://C:/Users/defoy/OneDrive - De Vinci/GitHub/Portfolio website/.next/dev/static/chunks/src_080xfpq._.js:3254:215)
    at ClientPageRoot (file://C:/Users/defoy/OneDrive - De Vinci/GitHub/Portfolio website/.next/dev/static/chunks/node_modules_next_dist_1e9_p6y._.js:4461:50)
⚠ Fast Refresh had to perform a full reload due to a runtime error.
[browser] Image with src "/projects/projector-positioning-clean.webp" has "fill" prop and "sizes" prop of "100vw", but image is not rendered at full viewport width. Please adjust "sizes" to improve page performance. Read more: https://nextjs.org/docs/api-reference/next/image#sizes (file://C:/Users/defoy/OneDrive - De Vinci/GitHub/Portfolio website/.next/dev/static/chunks/node_modules_next_dist_1ybzpk2._.js:2477:13)
[browser] Image with src "/projects/projector-positioning-clean.webp" has "fill" prop and "sizes" prop of "100vw", but image is not rendered at full viewport width. Please adjust "sizes" to improve page performance. Read more: https://nextjs.org/docs/api-reference/next/image#sizes (file://C:/Users/defoy/OneDrive - De Vinci/GitHub/Portfolio website/.next/dev/static/chunks/node_modules_next_dist_1ybzpk2._.js:2477:13)
[browser] Image with src "/projects/projector-positioning-clean.webp" has "fill" prop and "sizes" prop of "100vw", but image is not rendered at full viewport width. Please adjust "sizes" to improve page performance. Read more: https://nextjs.org/docs/api-reference/next/image#sizes (file://C:/Users/defoy/OneDrive - De Vinci/GitHub/Portfolio website/.next/dev/static/chunks/node_modules_next_dist_1ybzpk2._.js:2477:13)
[browser] Image with src "/projects/projector-positioning-clean.webp" has "fill" prop and "sizes" prop of "100vw", but image is not rendered at full viewport width. Please adjust "sizes" to improve page performance. Read more: https://nextjs.org/docs/api-reference/next/image#sizes (file://C:/Users/defoy/OneDrive - De Vinci/GitHub/Portfolio website/.next/dev/static/chunks/node_modules_next_dist_1ybzpk2._.js:2477:13)
[browser] Image with src "/projects/projector-positioning-clean.webp" has "fill" prop and "sizes" prop of "100vw", but image is not rendered at full viewport width. Please adjust "sizes" to improve page performance. Read more: https://nextjs.org/docs/api-reference/next/image#sizes (file://C:/Users/defoy/OneDrive - De Vinci/GitHub/Portfolio website/.next/dev/static/chunks/node_modules_next_dist_1ybzpk2._.js:2477:13)
[browser] Image with src "/projects/projector-positioning-clean.webp" has "fill" prop and "sizes" prop of "100vw", but image is not rendered at full viewport width. Please adjust "sizes" to improve page performance. Read more: https://nextjs.org/docs/api-reference/next/image#sizes (file://C:/Users/defoy/OneDrive - De Vinci/GitHub/Portfolio website/.next/dev/static/chunks/node_modules_next_dist_1ybzpk2._.js:2477:13)
[browser] Image with src "/projects/projector-positioning-clean.webp" has "fill" prop and "sizes" prop of "100vw", but image is not rendered at full viewport width. Please adjust "sizes" to improve page performance. Read more: https://nextjs.org/docs/api-reference/next/image#sizes (file://C:/Users/defoy/OneDrive - De Vinci/GitHub/Portfolio website/.next/dev/static/chunks/node_modules_next_dist_1ybzpk2._.js:2477:13)
[browser] Image with src "/projects/projector-positioning-clean.webp" has "fill" prop and "sizes" prop of "100vw", but image is not rendered at full viewport width. Please adjust "sizes" to improve page performance. Read more: https://nextjs.org/docs/api-reference/next/image#sizes (file://C:/Users/defoy/OneDrive - De Vinci/GitHub/Portfolio website/.next/dev/static/chunks/node_modules_next_dist_1ybzpk2._.js:2477:13)
[browser] Image with src "/projects/projector-positioning-clean.webp" has "fill" prop and "sizes" prop of "100vw", but image is not rendered at full viewport width. Please adjust "sizes" to improve page performance. Read more: https://nextjs.org/docs/api-reference/next/image#sizes (file://C:/Users/defoy/OneDrive - De Vinci/GitHub/Portfolio website/.next/dev/static/chunks/node_modules_next_dist_1ybzpk2._.js:2477:13)
[browser] Image with src "/projects/projector-positioning-clean.webp" has "fill" prop and "sizes" prop of "100vw", but image is not rendered at full viewport width. Please adjust "sizes" to improve page performance. Read more: https://nextjs.org/docs/api-reference/next/image#sizes (file://C:/Users/defoy/OneDrive - De Vinci/GitHub/Portfolio website/.next/dev/static/chunks/node_modules_next_dist_1ybzpk2._.js:2477:13)
[browser] Image with src "/projects/projector-positioning-clean.webp" has "fill" prop and "sizes" prop of "100vw", but image is not rendered at full viewport width. Please adjust "sizes" to improve page performance. Read more: https://nextjs.org/docs/api-reference/next/image#sizes (file://C:/Users/defoy/OneDrive - De Vinci/GitHub/Portfolio website/.next/dev/static/chunks/node_modules_next_dist_1ybzpk2._.js:2477:13)
[browser] Image with src "/projects/projector-positioning-clean.webp" has "fill" prop and "sizes" prop of "100vw", but image is not rendered at full viewport width. Please adjust "sizes" to improve page performance. Read more: https://nextjs.org/docs/api-reference/next/image#sizes (file://C:/Users/defoy/OneDrive - De Vinci/GitHub/Portfolio website/.next/dev/static/chunks/node_modules_next_dist_1ybzpk2._.js:2477:13)
[browser] Image with src "/projects/projector-positioning-clean.webp" has "fill" prop and "sizes" prop of "100vw", but image is not rendered at full viewport width. Please adjust "sizes" to improve page performance. Read more: https://nextjs.org/docs/api-reference/next/image#sizes (file://C:/Users/defoy/OneDrive - De Vinci/GitHub/Portfolio website/.next/dev/static/chunks/node_modules_next_dist_1ybzpk2._.js:2477:13)
[browser] Image with src "/projects/projector-positioning-clean.webp" has "fill" prop and "sizes" prop of "100vw", but image is not rendered at full viewport width. Please adjust "sizes" to improve page performance. Read more: https://nextjs.org/docs/api-reference/next/image#sizes (file://C:/Users/defoy/OneDrive - De Vinci/GitHub/Portfolio website/.next/dev/static/chunks/node_modules_next_dist_1ybzpk2._.js:2477:13)
[browser] Image with src "/projects/projector-positioning-clean.webp" has "fill" prop and "sizes" prop of "100vw", but image is not rendered at full viewport width. Please adjust "sizes" to improve page performance. Read more: https://nextjs.org/docs/api-reference/next/image#sizes (file://C:/Users/defoy/OneDrive - De Vinci/GitHub/Portfolio website/.next/dev/static/chunks/node_modules_next_dist_1ybzpk2._.js:2477:13)
[browser] Image with src "/hero-engineering-desk-v2.png" has "fill" and a height value of 0. This is likely because the parent element of the image has not been styled to have a set height. (file://C:/Users/defoy/OneDrive - De Vinci/GitHub/Portfolio website/.next/dev/static/chunks/node_modules_next_dist_1ybzpk2._.js:2477:13)
[browser] Image with src "/hero-engineering-desk-v2.png" has "fill" and a height value of 0. This is likely because the parent element of the image has not been styled to have a set height. (file://C:/Users/defoy/OneDrive - De Vinci/GitHub/Portfolio website/.next/dev/static/chunks/node_modules_next_dist_1ybzpk2._.js:1340:21)
[browser] Image with src "/projects/projector-positioning-clean.webp" has "fill" prop and "sizes" prop of "100vw", but image is not rendered at full viewport width. Please adjust "sizes" to improve page performance. Read more: https://nextjs.org/docs/api-reference/next/image#sizes (file://C:/Users/defoy/OneDrive - De Vinci/GitHub/Portfolio website/.next/dev/static/chunks/node_modules_next_dist_1ybzpk2._.js:2477:13)
[browser] Image with src "/projects/projector-positioning-clean.webp" has "fill" prop and "sizes" prop of "100vw", but image is not rendered at full viewport width. Please adjust "sizes" to improve page performance. Read more: https://nextjs.org/docs/api-reference/next/image#sizes (file://C:/Users/defoy/OneDrive - De Vinci/GitHub/Portfolio website/.next/dev/static/chunks/node_modules_next_dist_1ybzpk2._.js:2477:13)
[browser] Image with src "/projects/projector-positioning-clean.webp" has "fill" prop and "sizes" prop of "100vw", but image is not rendered at full viewport width. Please adjust "sizes" to improve page performance. Read more: https://nextjs.org/docs/api-reference/next/image#sizes (file://C:/Users/defoy/OneDrive - De Vinci/GitHub/Portfolio website/.next/dev/static/chunks/node_modules_next_dist_1ybzpk2._.js:2477:13)
[browser] Image with src "/projects/projector-positioning-clean.webp" has "fill" prop and "sizes" prop of "100vw", but image is not rendered at full viewport width. Please adjust "sizes" to improve page performance. Read more: https://nextjs.org/docs/api-reference/next/image#sizes (file://C:/Users/defoy/OneDrive - De Vinci/GitHub/Portfolio website/.next/dev/static/chunks/node_modules_next_dist_1ybzpk2._.js:2477:13)
[browser] Image with src "/hero-engineering-desk-v2.png" has "fill" prop and "sizes" prop of "100vw", but image is not rendered at full viewport width. Please adjust "sizes" to improve page performance. Read more: https://nextjs.org/docs/api-reference/next/image#sizes (file://C:/Users/defoy/OneDrive - De Vinci/GitHub/Portfolio website/.next/dev/static/chunks/node_modules_next_dist_1ybzpk2._.js:2477:13)
[browser] Image with src "/hero-engineering-desk-mobile.png" has "fill" prop and "sizes" prop of "100vw", but image is not rendered at full viewport width. Please adjust "sizes" to improve page performance. Read more: https://nextjs.org/docs/api-reference/next/image#sizes (file://C:/Users/defoy/OneDrive - De Vinci/GitHub/Portfolio website/.next/dev/static/chunks/node_modules_next_dist_1ybzpk2._.js:1340:21)
[browser] Image with src "/hero-engineering-desk-v2.png" has "fill" prop and "sizes" prop of "100vw", but image is not rendered at full viewport width. Please adjust "sizes" to improve page performance. Read more: https://nextjs.org/docs/api-reference/next/image#sizes (file://C:/Users/defoy/OneDrive - De Vinci/GitHub/Portfolio website/.next/dev/static/chunks/node_modules_next_dist_1ybzpk2._.js:2477:13)
