
> robotics-ai-portfolio@0.1.0 dev
> next dev --port 3000

▲ Next.js 16.2.9 (Turbopack)
- Local:         http://localhost:3000
- Network:       http://192.168.56.1:3000
✓ Ready in 1923ms

 GET / 200 in 3.1s (next.js: 1013ms, application-code: 2.1s)
 GET / 200 in 655ms (next.js: 26ms, application-code: 628ms)
 GET / 200 in 384ms (next.js: 20ms, application-code: 364ms)
 GET / 200 in 352ms (next.js: 20ms, application-code: 332ms)
 GET / 200 in 4.8s (next.js: 888ms, application-code: 3.9s)
 GET / 200 in 728ms (next.js: 187ms, application-code: 541ms)
 GET / 200 in 615ms (next.js: 12ms, application-code: 603ms)
 GET / 200 in 3.2s (next.js: 32ms, application-code: 3.2s)
 GET / 200 in 362ms (next.js: 24ms, application-code: 338ms)
 GET / 200 in 2.3s (next.js: 404ms, application-code: 1940ms)
 GET / 200 in 2.2s (next.js: 70ms, application-code: 2.1s)
 GET / 200 in 389ms (next.js: 14ms, application-code: 376ms)
 GET / 200 in 665ms (next.js: 31ms, application-code: 634ms)
✓ Compiled in 3.4s
 GET / 200 in 2.0s (next.js: 1413ms, application-code: 593ms)
 GET / 200 in 278ms (next.js: 20ms, application-code: 258ms)
 GET / 200 in 177ms (next.js: 16ms, application-code: 161ms)
✓ Compiled in 308ms
 GET / 200 in 1517ms (next.js: 1174ms, application-code: 343ms)
 GET / 200 in 203ms (next.js: 18ms, application-code: 184ms)
 GET / 200 in 202ms (next.js: 126ms, application-code: 77ms)
✓ Compiled in 217ms
 GET / 200 in 3.9s (next.js: 1660ms, application-code: 2.3s)
 GET / 200 in 1725ms (next.js: 104ms, application-code: 1620ms)
 GET / 200 in 1747ms (next.js: 28ms, application-code: 1719ms)
✓ Compiled in 192ms
 GET / 200 in 2.8s (next.js: 538ms, application-code: 2.2s)
 GET / 200 in 340ms (next.js: 110ms, application-code: 229ms)
 GET / 200 in 2.1s (next.js: 47ms, application-code: 2.1s)
 GET / 200 in 1700ms (next.js: 127ms, application-code: 1572ms)
✓ Compiled in 1027ms
 GET / 200 in 1136ms (next.js: 509ms, application-code: 627ms)
 GET / 200 in 1144ms (next.js: 661ms, application-code: 484ms)
 GET / 200 in 585ms (next.js: 24ms, application-code: 561ms)
 GET / 200 in 450ms (next.js: 22ms, application-code: 429ms)
 GET / 200 in 353ms (next.js: 17ms, application-code: 336ms)
 GET / 200 in 354ms (next.js: 76ms, application-code: 277ms)
 GET / 200 in 302ms (next.js: 93ms, application-code: 209ms)
 GET / 200 in 301ms (next.js: 203ms, application-code: 98ms)
 GET / 200 in 308ms (next.js: 151ms, application-code: 157ms)
 GET / 200 in 1380ms (next.js: 21ms, application-code: 1359ms)
✓ Compiled in 145ms
 GET / 200 in 937ms (next.js: 576ms, application-code: 362ms)
 GET / 200 in 192ms (next.js: 23ms, application-code: 170ms)
 GET / 200 in 193ms (next.js: 92ms, application-code: 101ms)
✓ Compiled in 129ms
 GET / 200 in 600ms (next.js: 392ms, application-code: 208ms)
 GET / 200 in 116ms (next.js: 11ms, application-code: 105ms)
 GET / 200 in 118ms (next.js: 67ms, application-code: 51ms)
 GET / 200 in 977ms (next.js: 25ms, application-code: 952ms)
✓ Compiled in 96ms
 GET / 200 in 605ms (next.js: 415ms, application-code: 190ms)
 GET / 200 in 107ms (next.js: 11ms, application-code: 96ms)
 GET / 200 in 108ms (next.js: 51ms, application-code: 57ms)
 GET / 200 in 988ms (next.js: 21ms, application-code: 967ms)
✓ Compiled in 120ms
 GET / 200 in 707ms (next.js: 424ms, application-code: 283ms)
 GET / 200 in 181ms (next.js: 98ms, application-code: 84ms)
 GET / 200 in 191ms (next.js: 17ms, application-code: 174ms)
 GET / 200 in 921ms (next.js: 18ms, application-code: 903ms)
✓ Compiled in 129ms
 GET / 200 in 771ms (next.js: 462ms, application-code: 309ms)
 GET / 200 in 161ms (next.js: 17ms, application-code: 144ms)
 GET / 200 in 161ms (next.js: 92ms, application-code: 69ms)
 GET / 200 in 889ms (next.js: 17ms, application-code: 872ms)
✓ Compiled in 90ms
 GET / 200 in 543ms (next.js: 345ms, application-code: 199ms)
 GET / 200 in 108ms (next.js: 14ms, application-code: 95ms)
 GET / 200 in 108ms (next.js: 52ms, application-code: 55ms)
 GET / 200 in 355ms (next.js: 8ms, application-code: 348ms)
✓ Compiled in 560ms
 GET / 200 in 884ms (next.js: 593ms, application-code: 290ms)
 GET / 200 in 135ms (next.js: 13ms, application-code: 121ms)
 GET / 200 in 304ms (next.js: 12ms, application-code: 292ms)
 GET / 200 in 358ms (next.js: 24ms, application-code: 334ms)
 GET / 200 in 364ms (next.js: 112ms, application-code: 252ms)
 GET / 200 in 149ms (next.js: 30ms, application-code: 119ms)
✓ Compiled in 153ms
 GET / 200 in 657ms (next.js: 228ms, application-code: 429ms)
 GET / 200 in 300ms (next.js: 21ms, application-code: 279ms)
 GET / 200 in 302ms (next.js: 103ms, application-code: 199ms)
 GET / 200 in 371ms (next.js: 7ms, application-code: 364ms)
 GET / 200 in 119ms (next.js: 9ms, application-code: 110ms)
 GET / 200 in 244ms (next.js: 13ms, application-code: 230ms)
✓ Compiled in 156ms
 GET / 200 in 924ms (next.js: 474ms, application-code: 450ms)
 GET / 200 in 273ms (next.js: 29ms, application-code: 244ms)
 GET / 200 in 274ms (next.js: 133ms, application-code: 140ms)
✓ Compiled in 153ms
 GET / 200 in 853ms (next.js: 313ms, application-code: 540ms)
 GET / 200 in 254ms (next.js: 112ms, application-code: 142ms)
 GET / 200 in 263ms (next.js: 24ms, application-code: 239ms)
 GET / 200 in 908ms (next.js: 9ms, application-code: 899ms)
✓ Compiled in 112ms
 GET / 200 in 702ms (next.js: 402ms, application-code: 299ms)
 GET / 200 in 145ms (next.js: 24ms, application-code: 121ms)
 GET / 200 in 93ms (next.js: 14ms, application-code: 78ms)
 GET / 200 in 989ms (next.js: 49ms, application-code: 939ms)
✓ Compiled in 197ms
 GET / 200 in 876ms (next.js: 371ms, application-code: 505ms)
 GET / 200 in 274ms (next.js: 140ms, application-code: 135ms)
 GET / 200 in 288ms (next.js: 29ms, application-code: 259ms)
 GET / 200 in 393ms (next.js: 5ms, application-code: 387ms)
 GET / 200 in 393ms (next.js: 23ms, application-code: 370ms)
✓ Compiled in 119ms
 GET / 200 in 793ms (next.js: 441ms, application-code: 352ms)
 GET / 200 in 128ms (next.js: 17ms, application-code: 111ms)
 GET / 200 in 50ms (next.js: 8ms, application-code: 42ms)
✓ Compiled in 121ms
 GET / 200 in 681ms (next.js: 301ms, application-code: 380ms)
 GET / 200 in 225ms (next.js: 23ms, application-code: 202ms)
 GET / 200 in 228ms (next.js: 123ms, application-code: 105ms)
 GET / 200 in 1426ms (next.js: 37ms, application-code: 1388ms)
 GET / 200 in 84ms (next.js: 7ms, application-code: 77ms)
 GET / 200 in 110ms (next.js: 6ms, application-code: 105ms)
 GET / 200 in 137ms (next.js: 9ms, application-code: 128ms)
✓ Compiled in 182ms
 GET / 200 in 1142ms (next.js: 748ms, application-code: 394ms)
 GET / 200 in 233ms (next.js: 21ms, application-code: 212ms)
 GET / 200 in 135ms (next.js: 31ms, application-code: 104ms)
 GET / 200 in 1011ms (next.js: 13ms, application-code: 999ms)
✓ Compiled in 121ms
 GET / 200 in 930ms (next.js: 504ms, application-code: 426ms)
 GET / 200 in 224ms (next.js: 25ms, application-code: 199ms)
 GET / 200 in 240ms (next.js: 106ms, application-code: 134ms)
✓ Compiled in 255ms
 GET / 200 in 773ms (next.js: 387ms, application-code: 386ms)
 GET / 200 in 230ms (next.js: 27ms, application-code: 203ms)
 GET / 200 in 230ms (next.js: 97ms, application-code: 133ms)
 GET / 200 in 1085ms (next.js: 21ms, application-code: 1064ms)
✓ Compiled in 226ms
 GET / 200 in 1048ms (next.js: 553ms, application-code: 495ms)
 GET / 200 in 237ms (next.js: 15ms, application-code: 221ms)
 GET / 200 in 241ms (next.js: 111ms, application-code: 131ms)
 GET / 200 in 388ms (next.js: 7ms, application-code: 381ms)
 GET / 200 in 303ms (next.js: 18ms, application-code: 284ms)
✓ Compiled in 213ms
 GET / 200 in 769ms (next.js: 376ms, application-code: 393ms)
 GET / 200 in 195ms (next.js: 37ms, application-code: 157ms)
 GET / 200 in 194ms (next.js: 113ms, application-code: 82ms)
 GET / 200 in 1112ms (next.js: 16ms, application-code: 1095ms)
 GET / 200 in 221ms (next.js: 12ms, application-code: 209ms)
 GET / 200 in 280ms (next.js: 20ms, application-code: 261ms)
✓ Compiled in 155ms
 GET / 200 in 925ms (next.js: 469ms, application-code: 456ms)
 GET / 200 in 286ms (next.js: 129ms, application-code: 157ms)
 GET / 200 in 303ms (next.js: 28ms, application-code: 275ms)
 GET / 200 in 912ms (next.js: 11ms, application-code: 901ms)
✓ Compiled in 326ms
 GET / 200 in 1786ms (next.js: 1157ms, application-code: 629ms)
 GET / 200 in 1800ms (next.js: 1470ms, application-code: 330ms)
 GET / 200 in 137ms (next.js: 15ms, application-code: 122ms)
 GET / 200 in 1075ms (next.js: 22ms, application-code: 1054ms)
 GET / 200 in 161ms (next.js: 8ms, application-code: 153ms)
✓ Compiled in 546ms
 GET / 200 in 948ms (next.js: 440ms, application-code: 508ms)
 GET / 200 in 91ms (next.js: 12ms, application-code: 79ms)
 GET / 200 in 91ms (next.js: 43ms, application-code: 48ms)
 GET / 200 in 672ms (next.js: 8ms, application-code: 664ms)
 GET / 200 in 184ms (next.js: 10ms, application-code: 174ms)
 GET / 200 in 218ms (next.js: 9ms, application-code: 210ms)
✓ Compiled in 468ms
 GET / 200 in 704ms (next.js: 412ms, application-code: 292ms)
 GET / 200 in 133ms (next.js: 77ms, application-code: 56ms)
 GET / 200 in 138ms (next.js: 22ms, application-code: 116ms)
✓ Compiled in 537ms
 GET / 200 in 587ms (next.js: 340ms, application-code: 246ms)
 GET / 200 in 126ms (next.js: 11ms, application-code: 115ms)
 GET / 200 in 126ms (next.js: 70ms, application-code: 56ms)
 GET / 200 in 1599ms (next.js: 58ms, application-code: 1541ms)
 GET / 200 in 315ms (next.js: 13ms, application-code: 302ms)
 GET / 200 in 1205ms (next.js: 31ms, application-code: 1174ms)
✓ Compiled in 771ms
 GET / 200 in 2.4s (next.js: 1709ms, application-code: 707ms)
 GET / 200 in 2.4s (next.js: 1901ms, application-code: 525ms)
 GET / 200 in 355ms (next.js: 56ms, application-code: 299ms)
✓ Compiled in 1443ms
 GET / 200 in 2.7s (next.js: 1700ms, application-code: 1031ms)
 GET / 200 in 2.7s (next.js: 2.1s, application-code: 670ms)
 GET / 200 in 591ms (next.js: 21ms, application-code: 571ms)
✓ Compiled in 496ms
 GET / 200 in 992ms (next.js: 345ms, application-code: 647ms)
 GET / 200 in 292ms (next.js: 25ms, application-code: 267ms)
 GET / 200 in 295ms (next.js: 167ms, application-code: 128ms)
✓ Compiled in 852ms
 GET / 200 in 1955ms (next.js: 1521ms, application-code: 434ms)
 GET / 200 in 2.1s (next.js: 1394ms, application-code: 677ms)
 GET / 200 in 252ms (next.js: 59ms, application-code: 193ms)
✓ Compiled in 338ms
 GET / 200 in 1998ms (next.js: 1445ms, application-code: 553ms)
 GET / 200 in 1999ms (next.js: 1789ms, application-code: 211ms)
 GET / 200 in 84ms (next.js: 16ms, application-code: 68ms)
✓ Compiled in 347ms
 GET / 200 in 1787ms (next.js: 1018ms, application-code: 770ms)
 GET / 200 in 1790ms (next.js: 1179ms, application-code: 610ms)
 GET / 200 in 471ms (next.js: 145ms, application-code: 326ms)
✓ Compiled in 1110ms
 GET / 200 in 2.6s (next.js: 2.1s, application-code: 472ms)
 GET / 200 in 2.9s (next.js: 2.2s, application-code: 700ms)
 GET / 200 in 240ms (next.js: 61ms, application-code: 179ms)
 GET / 200 in 2.0s (next.js: 34ms, application-code: 1972ms)
 GET / 200 in 335ms (next.js: 27ms, application-code: 308ms)
 GET / 200 in 391ms (next.js: 24ms, application-code: 368ms)
✓ Compiled in 1581ms
 GET / 200 in 3.0s (next.js: 2.1s, application-code: 903ms)
 GET / 200 in 3.0s (next.js: 2.7s, application-code: 254ms)
 GET / 200 in 3.0s (next.js: 1803ms, application-code: 1194ms)
 GET / 200 in 166ms (next.js: 42ms, application-code: 123ms)
✓ Compiled in 1709ms
 GET / 200 in 2.8s (next.js: 1820ms, application-code: 1019ms)
 GET / 200 in 2.9s (next.js: 1547ms, application-code: 1334ms)
 GET / 200 in 492ms (next.js: 173ms, application-code: 318ms)
 GET / 200 in 490ms (next.js: 292ms, application-code: 198ms)
 GET / 200 in 1575ms (next.js: 25ms, application-code: 1550ms)
✓ Compiled in 483ms
 GET / 200 in 3.3s (next.js: 2.5s, application-code: 779ms)
 GET / 200 in 3.2s (next.js: 2.9s, application-code: 338ms)
 GET / 200 in 238ms (next.js: 46ms, application-code: 192ms)
 GET / 200 in 156ms (next.js: 39ms, application-code: 117ms)
✓ Compiled in 622ms
 GET / 200 in 5.5s (next.js: 3.8s, application-code: 1675ms)
 GET / 200 in 5.5s (next.js: 3.1s, application-code: 2.4s)
 GET / 200 in 5.6s (next.js: 4.2s, application-code: 1324ms)
 GET / 200 in 1013ms (next.js: 15ms, application-code: 998ms)
✓ Compiled in 630ms
 GET / 200 in 3.2s (next.js: 2.4s, application-code: 810ms)
 GET / 200 in 3.3s (next.js: 2.7s, application-code: 635ms)
 GET / 200 in 590ms (next.js: 47ms, application-code: 542ms)
 GET / 200 in 449ms (next.js: 24ms, application-code: 425ms)
✓ Compiled in 820ms
 GET / 200 in 1193ms (next.js: 648ms, application-code: 545ms)
 GET / 200 in 1199ms (next.js: 834ms, application-code: 365ms)
 GET / 200 in 250ms (next.js: 21ms, application-code: 228ms)
 GET / 200 in 250ms (next.js: 114ms, application-code: 136ms)
 GET / 200 in 1906ms (next.js: 18ms, application-code: 1888ms)
 GET / 200 in 391ms (next.js: 39ms, application-code: 353ms)
✓ Compiled in 690ms
 GET / 200 in 949ms (next.js: 724ms, application-code: 225ms)
 GET / 200 in 954ms (next.js: 483ms, application-code: 472ms)
 GET / 200 in 153ms (next.js: 20ms, application-code: 133ms)
 GET / 200 in 154ms (next.js: 84ms, application-code: 69ms)
✓ Compiled in 472ms
 GET / 200 in 1428ms (next.js: 747ms, application-code: 681ms)
 GET / 200 in 1464ms (next.js: 851ms, application-code: 613ms)
 GET / 200 in 1530ms (next.js: 897ms, application-code: 633ms)
 GET / 200 in 498ms (next.js: 157ms, application-code: 341ms)
 GET / 200 in 1905ms (next.js: 14ms, application-code: 1891ms)
 GET / 200 in 1058ms (next.js: 30ms, application-code: 1028ms)
 GET / 200 in 215ms (next.js: 17ms, application-code: 198ms)
 GET / 200 in 270ms (next.js: 9ms, application-code: 262ms)
 GET / 200 in 291ms (next.js: 14ms, application-code: 277ms)
✓ Compiled in 982ms
 GET / 200 in 759ms (next.js: 413ms, application-code: 346ms)
 GET / 200 in 276ms (next.js: 15ms, application-code: 261ms)
 GET / 200 in 280ms (next.js: 82ms, application-code: 198ms)
 GET / 200 in 134ms (next.js: 9ms, application-code: 124ms)
 GET / 200 in 95ms (next.js: 11ms, application-code: 84ms)
 GET / 200 in 1083ms (next.js: 15ms, application-code: 1068ms)
✓ Compiled in 1575ms
 GET / 200 in 2.1s (next.js: 1448ms, application-code: 614ms)
 GET / 200 in 2.1s (next.js: 1680ms, application-code: 384ms)
 GET / 200 in 416ms (next.js: 21ms, application-code: 394ms)
 GET / 200 in 440ms (next.js: 30ms, application-code: 411ms)
 GET / 200 in 453ms (next.js: 28ms, application-code: 425ms)
 GET / 200 in 348ms (next.js: 13ms, application-code: 334ms)
 GET / 200 in 284ms (next.js: 20ms, application-code: 265ms)
 GET / 200 in 212ms (next.js: 28ms, application-code: 184ms)
 GET / 200 in 203ms (next.js: 111ms, application-code: 92ms)
 GET / 200 in 101ms (next.js: 14ms, application-code: 86ms)
 GET / 200 in 61ms (next.js: 14ms, application-code: 47ms)
 GET / 200 in 191ms (next.js: 33ms, application-code: 157ms)
✓ Compiled in 1029ms
 GET / 200 in 1350ms (next.js: 839ms, application-code: 511ms)
 GET / 200 in 417ms (next.js: 157ms, application-code: 260ms)
 GET / 200 in 444ms (next.js: 42ms, application-code: 402ms)
 GET / 200 in 165ms (next.js: 27ms, application-code: 139ms)
✓ Compiled in 1503ms
 GET / 200 in 2.2s (next.js: 1366ms, application-code: 850ms)
 GET / 200 in 2.5s (next.js: 890ms, application-code: 1579ms)
 GET / 200 in 1133ms (next.js: 19ms, application-code: 1114ms)
 GET / 200 in 544ms (next.js: 31ms, application-code: 513ms)
 GET / 200 in 549ms (next.js: 95ms, application-code: 454ms)
 GET / 200 in 553ms (next.js: 169ms, application-code: 384ms)
 GET / 200 in 624ms (next.js: 262ms, application-code: 362ms)
 GET / 200 in 425ms (next.js: 18ms, application-code: 406ms)
 GET / 200 in 568ms (next.js: 87ms, application-code: 481ms)
 GET / 200 in 492ms (next.js: 52ms, application-code: 440ms)
 GET / 200 in 519ms (next.js: 34ms, application-code: 484ms)
 GET / 200 in 526ms (next.js: 113ms, application-code: 414ms)
 GET / 200 in 525ms (next.js: 170ms, application-code: 355ms)
 GET / 200 in 508ms (next.js: 164ms, application-code: 345ms)
 GET / 200 in 303ms (next.js: 38ms, application-code: 265ms)
 GET / 200 in 314ms (next.js: 114ms, application-code: 201ms)
 GET / 200 in 536ms (next.js: 23ms, application-code: 513ms)
 GET / 200 in 447ms (next.js: 43ms, application-code: 404ms)
 GET / 200 in 429ms (next.js: 100ms, application-code: 329ms)
 GET / 200 in 428ms (next.js: 167ms, application-code: 261ms)
 GET / 200 in 350ms (next.js: 172ms, application-code: 179ms)
 GET / 200 in 211ms (next.js: 115ms, application-code: 96ms)
 GET / 200 in 81ms (next.js: 14ms, application-code: 67ms)
 GET / 200 in 114ms (next.js: 46ms, application-code: 68ms)
 GET / 200 in 1563ms (next.js: 39ms, application-code: 1524ms)
✓ Compiled in 433ms
 GET / 200 in 1199ms (next.js: 829ms, application-code: 370ms)
 GET / 200 in 1203ms (next.js: 930ms, application-code: 273ms)
 GET / 200 in 328ms (next.js: 26ms, application-code: 302ms)
 GET / 200 in 207ms (next.js: 43ms, application-code: 164ms)
 GET / 200 in 1232ms (next.js: 17ms, application-code: 1214ms)
✓ Compiled in 278ms
 GET / 200 in 1378ms (next.js: 663ms, application-code: 715ms)
 GET / 200 in 326ms (next.js: 17ms, application-code: 309ms)
 GET / 200 in 328ms (next.js: 111ms, application-code: 217ms)
 GET / 200 in 123ms (next.js: 31ms, application-code: 92ms)
✓ Compiled in 487ms
 GET / 200 in 1270ms (next.js: 875ms, application-code: 396ms)
 GET / 200 in 327ms (next.js: 96ms, application-code: 231ms)
 GET / 200 in 344ms (next.js: 16ms, application-code: 328ms)
 GET / 200 in 146ms (next.js: 28ms, application-code: 118ms)
✓ Compiled in 347ms
 GET / 200 in 1098ms (next.js: 707ms, application-code: 391ms)
 GET / 200 in 345ms (next.js: 26ms, application-code: 318ms)
 GET / 200 in 350ms (next.js: 119ms, application-code: 232ms)
 GET / 200 in 151ms (next.js: 23ms, application-code: 128ms)
✓ Compiled in 310ms
 GET / 200 in 1193ms (next.js: 747ms, application-code: 446ms)
 GET / 200 in 1198ms (next.js: 935ms, application-code: 263ms)
 GET / 200 in 410ms (next.js: 29ms, application-code: 381ms)
 GET / 200 in 268ms (next.js: 49ms, application-code: 219ms)
✓ Compiled in 438ms
 GET / 200 in 1266ms (next.js: 801ms, application-code: 465ms)
 GET / 200 in 1268ms (next.js: 975ms, application-code: 293ms)
 GET / 200 in 306ms (next.js: 24ms, application-code: 282ms)
 GET / 200 in 151ms (next.js: 22ms, application-code: 128ms)
 GET / 200 in 3.9s (next.js: 51ms, application-code: 3.9s)
 GET / 200 in 2.3s (next.js: 34ms, application-code: 2.3s)
 GET / 200 in 438ms (next.js: 18ms, application-code: 420ms)
✓ Compiled in 849ms
 GET / 200 in 1516ms (next.js: 668ms, application-code: 848ms)
 GET / 200 in 1525ms (next.js: 1221ms, application-code: 304ms)
 GET / 200 in 203ms (next.js: 15ms, application-code: 188ms)
 GET / 200 in 103ms (next.js: 21ms, application-code: 82ms)
✓ Compiled in 544ms
 GET / 200 in 1021ms (next.js: 588ms, application-code: 433ms)
 GET / 200 in 1025ms (next.js: 710ms, application-code: 314ms)
 GET / 200 in 200ms (next.js: 21ms, application-code: 179ms)
 GET / 200 in 93ms (next.js: 13ms, application-code: 80ms)
✓ Compiled in 865ms
 GET / 200 in 7.1s (next.js: 2.2s, application-code: 5.0s)
 GET / 200 in 7.6s (next.js: 4.1s, application-code: 3.5s)
 GET / 200 in 1167ms (next.js: 59ms, application-code: 1108ms)
 GET / 200 in 372ms (next.js: 201ms, application-code: 172ms)
✓ Compiled in 1069ms
 GET / 200 in 3.0s (next.js: 1759ms, application-code: 1195ms)
 GET / 200 in 3.0s (next.js: 2.6s, application-code: 415ms)
 GET / 200 in 1035ms (next.js: 16ms, application-code: 1019ms)
 GET / 200 in 842ms (next.js: 174ms, application-code: 668ms)
✓ Compiled in 1768ms
 GET / 200 in 3.5s (next.js: 2.2s, application-code: 1268ms)
 GET / 200 in 3.5s (next.js: 3.2s, application-code: 256ms)
 GET / 200 in 1255ms (next.js: 22ms, application-code: 1232ms)
 GET / 200 in 903ms (next.js: 286ms, application-code: 617ms)
✓ Compiled in 380ms
 GET / 200 in 1120ms (next.js: 584ms, application-code: 535ms)
 GET / 200 in 1121ms (next.js: 748ms, application-code: 374ms)
 GET / 200 in 197ms (next.js: 22ms, application-code: 175ms)
 GET / 200 in 114ms (next.js: 19ms, application-code: 95ms)
✓ Compiled in 205ms
 GET / 200 in 913ms (next.js: 613ms, application-code: 299ms)
 GET / 200 in 917ms (next.js: 761ms, application-code: 156ms)
 GET / 200 in 156ms (next.js: 15ms, application-code: 141ms)
 GET / 200 in 154ms (next.js: 13ms, application-code: 141ms)
✓ Compiled in 538ms
 GET / 200 in 1165ms (next.js: 666ms, application-code: 499ms)
 GET / 200 in 1251ms (next.js: 884ms, application-code: 368ms)
 GET / 200 in 266ms (next.js: 19ms, application-code: 248ms)
 GET / 200 in 121ms (next.js: 27ms, application-code: 93ms)
 GET / 200 in 1863ms (next.js: 18ms, application-code: 1844ms)
✓ Compiled in 425ms
 GET / 200 in 1073ms (next.js: 688ms, application-code: 385ms)
 GET / 200 in 1164ms (next.js: 839ms, application-code: 325ms)
 GET / 200 in 233ms (next.js: 26ms, application-code: 206ms)
 GET / 200 in 132ms (next.js: 35ms, application-code: 98ms)
✓ Compiled in 923ms
 GET / 200 in 904ms (next.js: 506ms, application-code: 398ms)
 GET / 200 in 907ms (next.js: 601ms, application-code: 306ms)
 GET / 200 in 201ms (next.js: 16ms, application-code: 185ms)
 GET / 200 in 112ms (next.js: 34ms, application-code: 78ms)
✓ Compiled in 467ms
 GET / 200 in 823ms (next.js: 493ms, application-code: 330ms)
 GET / 200 in 827ms (next.js: 604ms, application-code: 224ms)
 GET / 200 in 213ms (next.js: 21ms, application-code: 192ms)
 GET / 200 in 114ms (next.js: 25ms, application-code: 89ms)
✓ Compiled in 849ms
 GET / 200 in 800ms (next.js: 574ms, application-code: 226ms)
 GET / 200 in 279ms (next.js: 15ms, application-code: 263ms)
 GET / 200 in 208ms (next.js: 24ms, application-code: 184ms)
 GET / 200 in 110ms (next.js: 16ms, application-code: 93ms)
✓ Compiled in 878ms
 GET / 200 in 1330ms (next.js: 621ms, application-code: 709ms)
 GET / 200 in 1335ms (next.js: 1018ms, application-code: 317ms)
 GET / 200 in 190ms (next.js: 20ms, application-code: 170ms)
 GET / 200 in 101ms (next.js: 15ms, application-code: 85ms)
 GET / 200 in 1114ms (next.js: 383ms, application-code: 731ms)
 GET / 200 in 214ms (next.js: 30ms, application-code: 184ms)
 GET / 200 in 2.8s (next.js: 17ms, application-code: 2.8s)
 GET / 200 in 445ms (next.js: 43ms, application-code: 402ms)
 GET / 200 in 374ms (next.js: 23ms, application-code: 352ms)
 GET / 200 in 430ms (next.js: 11ms, application-code: 419ms)
✓ Compiled in 391ms
✓ Compiled in 656ms
✓ Compiled in 9.5s
 GET / 200 in 7.9s (next.js: 3.6s, application-code: 4.3s)
✓ Compiled in 290ms
 GET / 200 in 3.9s (next.js: 592ms, application-code: 3.3s)
 GET / 200 in 3.9s (next.js: 97ms, application-code: 3.8s)
✓ Compiled in 10ms
 GET / 200 in 2.4s (next.js: 36ms, application-code: 2.4s)
 GET / 200 in 3.1s (next.js: 84ms, application-code: 3.0s)
 GET / 200 in 3.0s (next.js: 340ms, application-code: 2.7s)
 GET / 200 in 2.8s (next.js: 1192ms, application-code: 1649ms)
 GET / 200 in 1657ms (next.js: 698ms, application-code: 959ms)
 GET / 200 in 807ms (next.js: 29ms, application-code: 778ms)
 GET / 200 in 802ms (next.js: 44ms, application-code: 757ms)
 GET / 200 in 798ms (next.js: 246ms, application-code: 552ms)
 GET / 200 in 407ms (next.js: 51ms, application-code: 355ms)
 GET / 200 in 601ms (next.js: 37ms, application-code: 564ms)
 GET / 200 in 456ms (next.js: 46ms, application-code: 410ms)
 GET / 200 in 601ms (next.js: 15ms, application-code: 586ms)
 GET / 200 in 715ms (next.js: 113ms, application-code: 601ms)
 GET / 200 in 772ms (next.js: 44ms, application-code: 728ms)
 GET / 200 in 772ms (next.js: 142ms, application-code: 630ms)
 GET / 200 in 775ms (next.js: 222ms, application-code: 552ms)
 GET / 200 in 486ms (next.js: 33ms, application-code: 453ms)
 GET / 200 in 443ms (next.js: 42ms, application-code: 401ms)
 GET / 200 in 447ms (next.js: 146ms, application-code: 301ms)
 GET / 200 in 233ms (next.js: 27ms, application-code: 206ms)
 GET / 200 in 96ms (next.js: 26ms, application-code: 70ms)
 GET / 200 in 84ms (next.js: 12ms, application-code: 72ms)
✓ Compiled in 1246ms
✓ Compiled in 944ms
✓ Compiled in 1215ms
✓ Compiled in 3.5s
 GET / 200 in 6.4s (next.js: 2.2s, application-code: 4.3s)
 GET / 200 in 1024ms (next.js: 143ms, application-code: 881ms)
 GET / 200 in 7.3s (next.js: 3.3s, application-code: 3.9s)
 GET / 200 in 902ms (next.js: 404ms, application-code: 497ms)
 GET / 200 in 482ms (next.js: 391ms, application-code: 91ms)
 GET / 200 in 1893ms (next.js: 46ms, application-code: 1847ms)
 GET / 200 in 1549ms (next.js: 48ms, application-code: 1501ms)
 GET / 200 in 994ms (next.js: 27ms, application-code: 966ms)
 GET / 200 in 667ms (next.js: 34ms, application-code: 634ms)
✓ Compiled in 1712ms
 GET / 200 in 992ms (next.js: 75ms, application-code: 917ms)
 GET / 200 in 994ms (next.js: 76ms, application-code: 918ms)
 GET / 200 in 902ms (next.js: 78ms, application-code: 824ms)
✓ Compiled in 639ms
 GET / 200 in 2.2s (next.js: 1124ms, application-code: 1081ms)
 GET / 200 in 990ms (next.js: 78ms, application-code: 912ms)
 GET / 200 in 1402ms (next.js: 34ms, application-code: 1368ms)
 GET / 200 in 1397ms (next.js: 244ms, application-code: 1153ms)
 GET / 200 in 1449ms (next.js: 466ms, application-code: 983ms)
 GET / 200 in 908ms (next.js: 46ms, application-code: 862ms)
 GET / 200 in 378ms (next.js: 30ms, application-code: 348ms)
 GET / 200 in 500ms (next.js: 219ms, application-code: 281ms)
 GET / 200 in 517ms (next.js: 66ms, application-code: 451ms)
✓ Finished filesystem cache database compaction in 12.6s
✓ Compiled in 1211ms
✓ Compiled in 11.3s
 GET / 200 in 13.1s (next.js: 6.3s, application-code: 6.9s)
 GET / 200 in 13.2s (next.js: 6.9s, application-code: 6.3s)
 GET / 200 in 13.3s (next.js: 7.1s, application-code: 6.1s)
 GET / 200 in 13.3s (next.js: 7.3s, application-code: 6.0s)
✓ Compiled in 1172ms
 GET / 200 in 3.6s (next.js: 1410ms, application-code: 2.1s)
 GET / 200 in 6.5s (next.js: 1346ms, application-code: 5.2s)
 GET / 200 in 3.6s (next.js: 170ms, application-code: 3.5s)
 GET / 200 in 6.8s (next.js: 1154ms, application-code: 5.6s)
 GET / 200 in 2.7s (next.js: 1695ms, application-code: 1000ms)
 GET / 200 in 2.7s (next.js: 1273ms, application-code: 1460ms)
 GET / 200 in 2.7s (next.js: 1583ms, application-code: 1132ms)
 GET / 200 in 2.7s (next.js: 1447ms, application-code: 1284ms)
 GET / 200 in 2.8s (next.js: 107ms, application-code: 2.7s)
 GET / 200 in 694ms (next.js: 360ms, application-code: 334ms)
 GET / 200 in 757ms (next.js: 21ms, application-code: 736ms)
 GET / 200 in 278ms (next.js: 11ms, application-code: 267ms)
 GET / 200 in 288ms (next.js: 29ms, application-code: 259ms)
